2023.09.05 20:19:27 INFO  Started: Metals version 1.0.1 in folders '/Users/adi/Downloads/play-samples-play-scala-chatroom-example' for client Visual Studio Code 1.81.1.
Sep 05, 2023 8:19:27 PM org.flywaydb.core.internal.license.VersionPrinter printVersionOnly
INFO: Flyway Community Edition 9.21.2 by Redgate
Sep 05, 2023 8:19:27 PM org.flywaydb.core.internal.license.VersionPrinter printVersion
INFO: See release notes here: https://rd.gt/416ObMi
Sep 05, 2023 8:19:27 PM org.flywaydb.core.internal.license.VersionPrinter printVersion
INFO: 
Sep 05, 2023 8:19:28 PM org.flywaydb.core.FlywayExecutor execute
INFO: Database: jdbc:h2:file:/Users/adi/Downloads/play-samples-play-scala-chatroom-example/.metals/metals (H2 2.1)
Sep 05, 2023 8:19:29 PM org.flywaydb.core.internal.schemahistory.JdbcTableSchemaHistory allAppliedMigrations
INFO: Schema history table "PUBLIC"."flyway_schema_history" does not exist yet
Sep 05, 2023 8:19:29 PM org.flywaydb.core.internal.command.DbValidate validate
INFO: Successfully validated 4 migrations (execution time 00:00.068s)
Sep 05, 2023 8:19:29 PM org.flywaydb.core.internal.schemahistory.JdbcTableSchemaHistory create
INFO: Creating Schema History table "PUBLIC"."flyway_schema_history" ...
Sep 05, 2023 8:19:29 PM org.flywaydb.core.internal.command.DbMigrate migrateGroup
INFO: Current version of schema "PUBLIC": << Empty Schema >>
Sep 05, 2023 8:19:29 PM org.flywaydb.core.internal.command.DbMigrate doMigrateGroup
INFO: Migrating schema "PUBLIC" to version "1 - Create tables"
Sep 05, 2023 8:19:29 PM org.flywaydb.core.internal.command.DbMigrate doMigrateGroup
INFO: Migrating schema "PUBLIC" to version "2 - Server discovery"
Sep 05, 2023 8:19:29 PM org.flywaydb.core.internal.command.DbMigrate doMigrateGroup
INFO: Migrating schema "PUBLIC" to version "3 - Jar symbols"
Sep 05, 2023 8:19:29 PM org.flywaydb.core.internal.command.DbMigrate doMigrateGroup
INFO: Migrating schema "PUBLIC" to version "4 - Fingerprints"
Sep 05, 2023 8:19:29 PM org.flywaydb.core.internal.command.DbMigrate logSummary
INFO: Successfully applied 4 migrations to schema "PUBLIC", now at version v4 (execution time 00:00.082s)
2023.09.05 20:19:29 INFO  time: initialize in 2.08s
2023.09.05 20:19:30 WARN  Build server is not auto-connectable.
